<?xml version="1.0" encoding="UTF-8"?>
<!-- Generated by org.testng.reporters.JUnitXMLReporter -->
<testsuite hostname="NYC-MXL43819LK" ignored="0" name="Test" tests="9" failures="2" timestamp="15 Mar 2019 17:10:33 GMT" time="107.63" errors="0">
  <testcase name="validateSearchBox" time="0.171" classname="testcases.ValidateSearchBox"/>
  <testcase name="validateSaveThisSearch" time="5.354" classname="testcases.ValidateSaveThisSearchAndSaveButton"/>
  <testcase name="validateSearchButton" time="0.1" classname="testcases.ValidateSearchButton"/>
  <testcase name="validateSaveSearch" time="4.312" classname="testcases.ValidateSavedSearch"/>
  <testcase name="validateSearchFunctionality" time="6.019" classname="testcases.ValidateSearching"/>
  <testcase name="validateItemsDropDownVsItemList" time="0.002" classname="testcases.ValidateItemsDropDownVsItemList">
    <failure type="java.lang.NullPointerException">
      <![CDATA[java.lang.NullPointerException
at org.openqa.selenium.support.pagefactory.DefaultElementLocator.findElements(DefaultElementLocator.java:85)
at org.openqa.selenium.support.pagefactory.internal.LocatingElementListHandler.invoke(LocatingElementListHandler.java:36)
at com.sun.proxy.$Proxy13.iterator(Unknown Source)
at testcases.ItemCategoryDropDown.getItemCategoryDropDown(ItemCategoryDropDown.java:20)
at testcases.ValidateItemsDropDownVsItemList.validateItemsDropDownVsItemList(ValidateItemsDropDownVsItemList.java:13)
... Removed 25 stack frames]]>
    </failure>
  </testcase> <!-- validateItemsDropDownVsItemList -->
  <testcase name="validateCartButton" time="0.096" classname="testcases.ValidateCartButton"/>
  <testcase name="validateItemsCatDdlvsListFile" time="0.004" classname="testcases.ValidateItemCatDdLvsFile">
    <failure type="java.lang.NullPointerException">
      <![CDATA[java.lang.NullPointerException
at org.openqa.selenium.support.pagefactory.DefaultElementLocator.findElements(DefaultElementLocator.java:85)
at org.openqa.selenium.support.pagefactory.internal.LocatingElementListHandler.invoke(LocatingElementListHandler.java:36)
at com.sun.proxy.$Proxy13.iterator(Unknown Source)
at testcases.ItemCategoryDropDown.getItemCategoryDropDown(ItemCategoryDropDown.java:20)
at testcases.ValidateItemCatDdLvsFile.validateItemsCatDdlvsListFile(ValidateItemCatDdLvsFile.java:17)
... Removed 25 stack frames]]>
    </failure>
  </testcase> <!-- validateItemsCatDdlvsListFile -->
  <testcase name="validateCartPage" time="2.563" classname="testcases.ValidateCartPage"/>
</testsuite> <!-- Test -->
